This is pdfTeX, Version 3.14159265-2.6-1.40.21 (MiKTeX 20.12) (preloaded format=latex 2021.1.15)  25 JAN 2021 17:28
entering extended mode
**./fig7.tex
(fig7.tex
LaTeX2e <2020-10-01> patch level 3
L3 programming layer <2020-12-07> xparse <2020-03-03>
("C:\Program Files\MiKTeX 2.9\tex/latex/base\article.cls"
Document Class: article 2020/04/10 v1.4m Standard LaTeX document class
("C:\Program Files\MiKTeX 2.9\tex/latex/base\size12.clo"
File: size12.clo 2020/04/10 v1.4m Standard LaTeX file (size option)
)
\c@part=\count177
\c@section=\count178
\c@subsection=\count179
\c@subsubsection=\count180
\c@paragraph=\count181
\c@subparagraph=\count182
\c@figure=\count183
\c@table=\count184
\abovecaptionskip=\skip47
\belowcaptionskip=\skip48
\bibindent=\dimen138
)
("C:\Program Files\MiKTeX 2.9\tex/latex/pst-plot\pst-plot.sty"
Package: pst-plot 2011/06/05 v1.00 LaTeX wrapper for `pst-plot' (HV)

("C:\Program Files\MiKTeX 2.9\tex/latex/pstricks\pstricks.sty"
Package: pstricks 2020/06/11 v0.70 LaTeX wrapper for `PSTricks' (RN,HV)

("C:\Program Files\MiKTeX 2.9\tex/generic/iftex\iftex.sty"
Package: iftex 2020/03/06 v1.0d TeX engine tests
)
("C:\Program Files\MiKTeX 2.9\tex/latex/xcolor\xcolor.sty"
Package: xcolor 2016/05/11 v2.12 LaTeX color extensions (UK)

("C:\Program Files\MiKTeX 2.9\tex/latex/graphics-cfg\color.cfg"
File: color.cfg 2016/01/02 v1.6 sample color configuration
)
Package xcolor Info: Driver file: dvips.def on input line 225.

("C:\Program Files\MiKTeX 2.9\tex/latex/graphics-def\dvips.def"
File: dvips.def 2017/06/20 v3.1d Graphics/color driver for dvips
)
Package xcolor Info: Model `cmy' substituted by `cmy0' on input line 1348.
Package xcolor Info: Model `RGB' extended on input line 1364.
Package xcolor Info: Model `HTML' substituted by `rgb' on input line 1366.
Package xcolor Info: Model `Hsb' substituted by `hsb' on input line 1367.
Package xcolor Info: Model `tHsb' substituted by `hsb' on input line 1368.
Package xcolor Info: Model `HSB' substituted by `hsb' on input line 1369.
Package xcolor Info: Model `Gray' substituted by `gray' on input line 1370.
Package xcolor Info: Model `wave' substituted by `hsb' on input line 1371.
)
("C:\Program Files\MiKTeX 2.9\tex/generic/xkeyval\pst-xkey.tex"
File: pst-xkey.tex 2005/11/25 v1.6 PSTricks specialization of xkeyval (HA)

("C:\Program Files\MiKTeX 2.9\tex/latex/xkeyval\xkeyval.sty"
Package: xkeyval 2020/11/20 v2.8 package option processing (HA)

("C:\Program Files\MiKTeX 2.9\tex/generic/xkeyval\xkeyval.tex"
("C:\Program Files\MiKTeX 2.9\tex/generic/xkeyval\xkvutils.tex"
\XKV@toks=\toks15
\XKV@tempa@toks=\toks16

("C:\Program Files\MiKTeX 2.9\tex/generic/xkeyval\keyval.tex"))
\XKV@depth=\count185
File: xkeyval.tex 2014/12/03 v2.7a key=value parser (HA)
)))
("C:\Program Files\MiKTeX 2.9\tex/generic/pstricks\pstricks.tex"
("C:\Program Files\MiKTeX 2.9\tex/generic/pstricks\pst-fp.tex"
`pst-fp' v0.05, 2010/01/17 (hv)
\pstFP@xs=\count186
\pstFP@xia=\count187
\pstFP@xib=\count188
\pstFP@xfa=\count189
\pstFP@xfb=\count190
\pstFP@rega=\count191
\pstFP@regb=\count192
\pstFP@regs=\count193
\pstFP@times=\count194
)
("C:\Program Files\MiKTeX 2.9\tex/generic/pgf/utilities\pgfutil-common.tex"
\pgfutil@everybye=\toks17
\pgfutil@tempdima=\dimen139
\pgfutil@tempdimb=\dimen140

("C:\Program Files\MiKTeX 2.9\tex/generic/pgf/utilities\pgfutil-common-lists.te
x")) ("C:\Program Files\MiKTeX 2.9\tex/generic/pgf/utilities\pgfkeys.code.tex"
\pgfkeys@pathtoks=\toks18
\pgfkeys@temptoks=\toks19

("C:\Program Files\MiKTeX 2.9\tex/generic/pgf/utilities\pgfkeysfiltered.code.te
x"
\pgfkeys@tmptoks=\toks20
)) ("C:\Program Files\MiKTeX 2.9\tex/generic/pgf/utilities\pgffor.code.tex"
Loading pgffor.code.tex
("C:\Program Files\MiKTeX 2.9\tex/generic/pgf/math\pgfmath.code.tex"
("C:\Program Files\MiKTeX 2.9\tex/generic/pgf/math\pgfmathcalc.code.tex"
("C:\Program Files\MiKTeX 2.9\tex/generic/pgf/math\pgfmathutil.code.tex"
\pgf@x=\dimen141
\pgf@xa=\dimen142
\pgf@xb=\dimen143
\pgf@xc=\dimen144
\pgf@y=\dimen145
\pgf@ya=\dimen146
\pgf@yb=\dimen147
\pgf@yc=\dimen148
\c@pgf@counta=\count195
\c@pgf@countb=\count196
\c@pgf@countc=\count197
\c@pgf@countd=\count198
\pgfutil@tempcnta=\count199
\pgfutil@tempcntb=\count266
)
("C:\Program Files\MiKTeX 2.9\tex/generic/pgf/math\pgfmathparser.code.tex"
\pgfmath@dimen=\dimen149
\pgfmath@count=\count267
\pgfmath@box=\box47
\pgfmath@toks=\toks21
\pgfmath@stack@operand=\toks22
\pgfmath@stack@operation=\toks23
)
("C:\Program Files\MiKTeX 2.9\tex/generic/pgf/math\pgfmathfunctions.code.tex"
("C:\Program Files\MiKTeX 2.9\tex/generic/pgf/math\pgfmathfunctions.basic.code.
tex")
("C:\Program Files\MiKTeX 2.9\tex/generic/pgf/math\pgfmathfunctions.trigonometr
ic.code.tex")
("C:\Program Files\MiKTeX 2.9\tex/generic/pgf/math\pgfmathfunctions.random.code
.tex")
("C:\Program Files\MiKTeX 2.9\tex/generic/pgf/math\pgfmathfunctions.comparison.
code.tex")
("C:\Program Files\MiKTeX 2.9\tex/generic/pgf/math\pgfmathfunctions.base.code.t
ex")
("C:\Program Files\MiKTeX 2.9\tex/generic/pgf/math\pgfmathfunctions.round.code.
tex")
("C:\Program Files\MiKTeX 2.9\tex/generic/pgf/math\pgfmathfunctions.misc.code.t
ex")
("C:\Program Files\MiKTeX 2.9\tex/generic/pgf/math\pgfmathfunctions.integerarit
hmetics.code.tex")))
("C:\Program Files\MiKTeX 2.9\tex/generic/pgf/math\pgfmathfloat.code.tex"
\c@pgfmathroundto@lastzeros=\count268
))
\pgffor@iter=\dimen150
\pgffor@skip=\dimen151
\pgffor@stack=\toks24
\pgffor@toks=\toks25
)
\psLoopIndex=\count269

`PSTricks' v3.01  <2020/09/18> (tvz,hv)
\pst@dima=\dimen152
\pst@dimb=\dimen153
\pst@dimc=\dimen154
\pst@dimd=\dimen155
\pst@dimg=\dimen156
\pst@dimh=\dimen157
\pst@dimm=\dimen158
\pst@dimn=\dimen159
\pst@dimo=\dimen160
\pst@dimp=\dimen161
\pst@hbox=\box48
\pst@ibox=\box49
\pst@boxg=\box50
\pst@cnta=\count270
\pst@cntb=\count271
\pst@cntc=\count272
\pst@cntd=\count273
\pst@cntg=\count274
\pst@cnth=\count275
\pst@cntm=\count276
\pst@cntn=\count277
\pst@cnto=\count278
\pst@cntp=\count279
\@zero=\count280
\pst@toks=\toks26
("C:\Program Files\MiKTeX 2.9\tex/generic/pstricks\pstricks.con")
\psunit=\dimen162
\psxunit=\dimen163
\psyunit=\dimen164
\pst@C@@rType=\count281
\pslinewidth=\dimen165
\psk@startLW=\dimen166
\psk@endLW=\dimen167
\pst@customdefs=\toks27
\pslinearc=\dimen168
\pst@symbolStep=\dimen169
\pst@symbolWidth=\dimen170
\pst@symbolLinewidth=\dimen171
\everypsbox=\toks28
\psframesep=\dimen172
\pslabelsep=\dimen173
\sh@wgridXunit=\dimen174
\sh@wgridYunit=\dimen175
\pst@shift=\dimen176
)
File: pstricks.tex 2020/09/18 v3.01 `PSTricks' (tvz,hv)

("C:\Program Files\MiKTeX 2.9\tex/generic/pstricks\pst-fp.tex")
File: pst-fp.tex 2020/09/18 v3.01 `PST-fp' (hv)
)
("C:\Program Files\MiKTeX 2.9\tex/latex/xkeyval\pst-xkey.sty"
Package: pst-xkey 2005/11/25 v1.6 package wrapper for pst-xkey.tex (HA)
)
("C:\Program Files\MiKTeX 2.9\tex/latex/multido\multido.sty"
Package: multido 2004/05/17 package wrapper for PSTricks `multido.tex', (HV/RN)


("C:\Program Files\MiKTeX 2.9\tex/generic/multido\multido.tex"
 v1.42, 2010/05/14 <tvz>
\multido@count=\count282
\multidocount=\count283
\multido@stuff=\toks29
)
File: multido.tex 2010/05/14 v1.42 `multido' (tvz,hv)
)
Package: pst-plot 2011/04/13 package wrapper for pst-plot.tex (hv)

("C:\Program Files\MiKTeX 2.9\tex/generic/pst-plot\pst-plot.tex"
("C:\Program Files\MiKTeX 2.9\tex/generic/pst-tools\pst-tools.tex"
`PST-tools' v0.10, 2020/03/24 (hv)
\randomi=\count284
\ranval=\count285
)
("C:\Program Files\MiKTeX 2.9\tex/generic/pstricks-add\pstricks-add.tex"
("C:\Program Files\MiKTeX 2.9\tex/generic/pst-node\pst-node.tex"
 v1.42a, 2020/04/01
\psrow=\count286
\pscol=\count287
\psmatrixcnt=\count288
\psrowsep=\skip49
\pscolsep=\skip50
\pst@args=\count289
\num@pts=\count290
\pst@argcnt=\count291
)
("C:\Program Files\MiKTeX 2.9\tex/generic/pst-arrow\pst-arrow.tex"
`pst-arrow' v0.01, 2016/09/01 (dr,hv)
\pshooklength=\dimen177
\pshookwidth=\dimen178
)
("C:\Program Files\MiKTeX 2.9\tex/generic/pst-3d\pst-3d.tex"
`PST-3d' v1.11, 2010/02/14 (tvz))
("C:\Program Files\MiKTeX 2.9\tex/generic/pst-math\pst-math.tex"
`pst-math' v0.64 , (CJ,hv)) `pstricks-add' v3.89a, 2020/02/12 (dr,hv)
\psparallelogramsep=\dimen179
\pst@cntC=\count292
\pst@stepcount=\count293
\chart@ColorIndex=\dimen180
\chart@ColorStep=\dimen181
\pst@chartHeight=\dimen182
\pst@chartStackDepth=\dimen183
\pst@chartStackWidth=\dimen184
\chart@Toggle=\count294
\psVectorCtr=\count295
)
 v1.92, 2019/05/16 (tvz,hv)
\pstRadUnit=\dimen185
\pstRadUnitInv=\dimen186
\pst@linecnt=\count296
\RCD@file=\read2
\psxlabelsep=\dimen187
\psylabelsep=\dimen188
\psk@subticksize=\dimen189
\pst@xticksizeA=\dimen190
\pst@xticksizeB=\dimen191
\pst@xticksizeC=\dimen192
\pst@yticksizeA=\dimen193
\pst@yticksizeB=\dimen194
\pst@yticksizeC=\dimen195
\@digitcounter=\count297
\psk@llx=\dimen196
\psk@lly=\dimen197
\psk@urx=\dimen198
\psk@ury=\dimen199
\pst@xunit=\dimen256
\pst@yunit=\dimen257
)
File: pst-plot.tex 2019/05/16 1.92 `pst-plot' (tvz,hv)
)
("C:\Program Files\MiKTeX 2.9\tex/latex/l3backend\l3backend-dvips.def"
File: l3backend-dvips.def 2020-09-24 L3 backend support: dvips
\l__pdf_internal_box=\box51
\g__pdf_backend_object_int=\count298
\l__pdf_backend_content_box=\box52
\l__pdf_backend_model_box=\box53
\g__pdf_backend_annotation_int=\count299
\g__pdf_backend_link_int=\count300
\g__pdf_backend_link_sf_int=\count301
)
(fig7.aux)
\openout1 = `fig7.aux'.

LaTeX Font Info:    Checking defaults for OML/cmm/m/it on input line 4.
LaTeX Font Info:    ... okay on input line 4.
LaTeX Font Info:    Checking defaults for OMS/cmsy/m/n on input line 4.
LaTeX Font Info:    ... okay on input line 4.
LaTeX Font Info:    Checking defaults for OT1/cmr/m/n on input line 4.
LaTeX Font Info:    ... okay on input line 4.
LaTeX Font Info:    Checking defaults for T1/cmr/m/n on input line 4.
LaTeX Font Info:    ... okay on input line 4.
LaTeX Font Info:    Checking defaults for TS1/cmr/m/n on input line 4.
LaTeX Font Info:    ... okay on input line 4.
LaTeX Font Info:    Checking defaults for OMX/cmex/m/n on input line 4.
LaTeX Font Info:    ... okay on input line 4.
LaTeX Font Info:    Checking defaults for U/cmr/m/n on input line 4.
LaTeX Font Info:    ... okay on input line 4.
LaTeX Font Info:    External font `cmex10' loaded for size
(Font)              <12> on input line 10.
LaTeX Font Info:    External font `cmex10' loaded for size
(Font)              <8> on input line 10.
LaTeX Font Info:    External font `cmex10' loaded for size
(Font)              <6> on input line 10.
 [1

] (fig7.aux) ) 
Here is how much of TeX's memory you used:
 9772 strings out of 479625
 178322 string characters out of 2873143
 519425 words of memory out of 3000000
 26865 multiletter control sequences out of 15000+200000
 406166 words of font info for 36 fonts, out of 3000000 for 9000
 1141 hyphenation exceptions out of 8191
 72i,5n,74p,635b,207s stack positions out of 5000i,500n,10000p,200000b,50000s

Output written on fig7.dvi (1 page, 24880 bytes).
